<?xml version="1.0" encoding="UTF-8"?>
<testng-results ignored="0" total="1" passed="1" failed="0" skipped="0">
  <reporter-output>
  </reporter-output>
  <suite started-at="2021-01-30T15:13:46 IST" name="Default suite" finished-at="2021-01-30T15:13:49 IST" duration-ms="3865">
    <groups>
    </groups>
    <test started-at="2021-01-30T15:13:46 IST" name="Default test" finished-at="2021-01-30T15:13:49 IST" duration-ms="3865">
      <class name="dynamicJsoneConcept.StaticJsonPayloadFileDemo">
        <test-method signature="addBook()[pri:0, instance:dynamicJsoneConcept.StaticJsonPayloadFileDemo@56528192]" started-at="2021-01-30T15:13:46 IST" name="addBook" finished-at="2021-01-30T15:13:49 IST" duration-ms="3825" status="PASS">
          <reporter-output>
          </reporter-output>
        </test-method> <!-- addBook -->
      </class> <!-- dynamicJsoneConcept.StaticJsonPayloadFileDemo -->
    </test> <!-- Default test -->
  </suite> <!-- Default suite -->
</testng-results>
